<?xml version="1.0" encoding="UTF-8"?>
<testng-results ignored="0" total="1" passed="1" failed="0" skipped="0">
  <reporter-output>
  </reporter-output>
  <suite started-at="2023-04-04T18:28:19 IST" name="InetbankinggV1" finished-at="2023-04-04T18:29:10 IST" duration-ms="50971">
    <groups>
    </groups>
    <test started-at="2023-04-04T18:28:19 IST" name="banking App" finished-at="2023-04-04T18:29:10 IST" duration-ms="50971">
      <class name="com.inetbanking.testCases.TestCase_001">
        <test-method is-config="true" signature="setUp(java.lang.String)[pri:0, instance:com.inetbanking.testCases.TestCase_001@557caf28]" started-at="2023-04-04T18:28:19 IST" name="setUp" finished-at="2023-04-04T18:29:05 IST" duration-ms="45899" status="PASS">
          <params>
            <param index="0">
              <value>
                <![CDATA[ie]]>
              </value>
            </param>
          </params>
          <reporter-output>
          </reporter-output>
        </test-method> <!-- setUp -->
        <test-method signature="loginTest()[pri:0, instance:com.inetbanking.testCases.TestCase_001@557caf28]" started-at="2023-04-04T18:29:05 IST" name="loginTest" finished-at="2023-04-04T18:29:09 IST" duration-ms="4296" status="PASS">
          <reporter-output>
          </reporter-output>
        </test-method> <!-- loginTest -->
        <test-method is-config="true" signature="tearDown()[pri:0, instance:com.inetbanking.testCases.TestCase_001@557caf28]" started-at="2023-04-04T18:29:09 IST" name="tearDown" finished-at="2023-04-04T18:29:10 IST" duration-ms="699" status="PASS">
          <reporter-output>
          </reporter-output>
        </test-method> <!-- tearDown -->
      </class> <!-- com.inetbanking.testCases.TestCase_001 -->
    </test> <!-- banking App -->
  </suite> <!-- InetbankinggV1 -->
</testng-results>
